Flow report for DigitalQAMModulation
Thu Oct 15 11:19:23 2020
Quartus II 64-Bit Version 9.1 Build 222 10/21/2009 SJ Full Version


---------------------
; Table of Contents ;
---------------------
  1. Legal Notice
  2. Flow Summary
  3. Flow Settings
  4. Flow Non-Default Global Settings
  5. Flow Elapsed Time
  6. Flow OS Summary
  7. Flow Log



----------------
; Legal Notice ;
----------------
Copyright (C) 1991-2009 Altera Corporation
Your use of Altera Corporation's design tools, logic functions 
and other software and tools, and its AMPP partner logic 
functions, and any output files from any of the foregoing 
(including device programming or simulation files), and any 
associated documentation or information are expressly subject 
to the terms and conditions of the Altera Program License 
Subscription Agreement, Altera MegaCore Function License 
Agreement, or other applicable license agreement, including, 
without limitation, that your use is for the sole purpose of 
programming logic devices manufactured by Altera and sold by 
Altera or its authorized distributors.  Please refer to the 
applicable agreement for further details.



+-------------------------------------------------------------------------------+
; Flow Summary                                                                  ;
+------------------------------------+------------------------------------------+
; Flow Status                        ; Successful - Thu Oct 15 11:19:23 2020    ;
; Quartus II 64-Bit Version          ; 9.1 Build 222 10/21/2009 SJ Full Version ;
; Revision Name                      ; DigitalQAMModulation                     ;
; Top-level Entity Name              ; m_alignment                              ;
; Family                             ; Cyclone II                               ;
; Device                             ; EP2C35F672C6                             ;
; Timing Models                      ; Final                                    ;
; Met timing requirements            ; Yes                                      ;
; Total logic elements               ; 3 / 33,216 ( < 1 % )                     ;
;     Total combinational functions  ; 3 / 33,216 ( < 1 % )                     ;
;     Dedicated logic registers      ; 3 / 33,216 ( < 1 % )                     ;
; Total registers                    ; 3                                        ;
; Total pins                         ; 3 / 475 ( < 1 % )                        ;
; Total virtual pins                 ; 0                                        ;
; Total memory bits                  ; 0 / 483,840 ( 0 % )                      ;
; Embedded Multiplier 9-bit elements ; 0 / 70 ( 0 % )                           ;
; Total PLLs                         ; 0 / 4 ( 0 % )                            ;
+------------------------------------+------------------------------------------+


+------------------------------------------+
; Flow Settings                            ;
+-------------------+----------------------+
; Option            ; Setting              ;
+-------------------+----------------------+
; Start date & time ; 10/15/2020 11:19:14  ;
; Main task         ; Compilation          ;
; Revision Name     ; DigitalQAMModulation ;
+-------------------+----------------------+


+---------------------------------------------------------------------------------------------------------------------------+
; Flow Non-Default Global Settings                                                                                          ;
+------------------------------------+--------------------------------+----------------------+-------------+----------------+
; Assignment Name                    ; Value                          ; Default Value        ; Entity Name ; Section Id     ;
+------------------------------------+--------------------------------+----------------------+-------------+----------------+
; COMPILER_SIGNATURE_ID              ; 53447169460197.160273195427136 ; --                   ; --          ; --             ;
; MAX_CORE_JUNCTION_TEMP             ; 85                             ; --                   ; --          ; --             ;
; MIN_CORE_JUNCTION_TEMP             ; 0                              ; --                   ; --          ; --             ;
; PARTITION_COLOR                    ; 16764057                       ; --                   ; m_alignment ; Top            ;
; PARTITION_NETLIST_TYPE             ; SOURCE                         ; --                   ; m_alignment ; Top            ;
; TOP_LEVEL_ENTITY                   ; m_alignment                    ; DigitalQAMModulation ; --          ; --             ;
; USE_GENERATED_PHYSICAL_CONSTRAINTS ; Off                            ; --                   ; --          ; eda_blast_fpga ;
+------------------------------------+--------------------------------+----------------------+-------------+----------------+


+-----------------------------------------------------------------------------------------------------------------------------+
; Flow Elapsed Time                                                                                                           ;
+-------------------------+--------------+-------------------------+---------------------+------------------------------------+
; Module Name             ; Elapsed Time ; Average Processors Used ; Peak Virtual Memory ; Total CPU Time (on all processors) ;
+-------------------------+--------------+-------------------------+---------------------+------------------------------------+
; Analysis & Synthesis    ; 00:00:01     ; 1.0                     ; 4420 MB             ; 00:00:01                           ;
; Fitter                  ; 00:00:03     ; 1.0                     ; 4545 MB             ; 00:00:06                           ;
; Assembler               ; 00:00:02     ; 1.0                     ; 4456 MB             ; 00:00:02                           ;
; Classic Timing Analyzer ; 00:00:00     ; 1.0                     ; 4353 MB             ; 00:00:00                           ;
; Total                   ; 00:00:06     ; --                      ; --                  ; 00:00:09                           ;
+-------------------------+--------------+-------------------------+---------------------+------------------------------------+


+------------------------------------------------------------------------------------------+
; Flow OS Summary                                                                          ;
+-------------------------+------------------+---------------+------------+----------------+
; Module Name             ; Machine Hostname ; OS Name       ; OS Version ; Processor type ;
+-------------------------+------------------+---------------+------------+----------------+
; Analysis & Synthesis    ; Ericspc          ; Windows Vista ; 6.2        ; x86_64         ;
; Fitter                  ; Ericspc          ; Windows Vista ; 6.2        ; x86_64         ;
; Assembler               ; Ericspc          ; Windows Vista ; 6.2        ; x86_64         ;
; Classic Timing Analyzer ; Ericspc          ; Windows Vista ; 6.2        ; x86_64         ;
+-------------------------+------------------+---------------+------------+----------------+


------------
; Flow Log ;
------------
quartus_map --read_settings_files=on --write_settings_files=off DigitalQAMModulation -c DigitalQAMModulation
quartus_fit --read_settings_files=off --write_settings_files=off DigitalQAMModulation -c DigitalQAMModulation
quartus_asm --read_settings_files=off --write_settings_files=off DigitalQAMModulation -c DigitalQAMModulation
quartus_tan --read_settings_files=off --write_settings_files=off DigitalQAMModulation -c DigitalQAMModulation --timing_analysis_only



